2025-08-23 19:39:27,682 INFO "GET /api/posts/my-posts/ HTTP/1.1" 200 8844 213 
2025-08-23 19:39:28,539 INFO "GET /api/posts/my-posts/ HTTP/1.1" 200 8844 213 
2025-08-23 19:39:29,864 INFO "GET /api/posts/4/ HTTP/1.1" 200 8732 213 
2025-08-23 19:39:29,867 INFO "GET /api/posts/4/ HTTP/1.1" 200 8732 213 
2025-08-23 19:39:31,559 INFO "PUT /api/posts/4/update/ HTTP/1.1" 200 8732 213 
2025-08-23 19:39:31,597 INFO "GET /api/posts/4/ HTTP/1.1" 200 8732 213 
2025-08-23 19:39:31,600 INFO "GET /api/posts/4/ HTTP/1.1" 200 8732 213 
2025-08-23 19:39:36,758 INFO "OPTIONS /api/posts/4/delete/ HTTP/1.1" 200 0 213 
2025-08-23 19:39:36,787 INFO "DELETE /api/posts/4/delete/ HTTP/1.1" 200 8780 213 
2025-08-23 19:39:36,888 INFO "GET /api/posts/my-posts/ HTTP/1.1" 200 122 213 
2025-08-23 19:39:42,878 INFO "POST /api/posts/create/ HTTP/1.1" 201 243 213 
2025-08-23 19:39:42,935 INFO "GET /api/posts/my-posts/ HTTP/1.1" 200 355 213 
2025-08-23 19:39:44,361 INFO "OPTIONS /api/posts/5/ HTTP/1.1" 200 0 213 
2025-08-23 19:39:44,363 INFO "OPTIONS /api/posts/5/ HTTP/1.1" 200 0 213 
2025-08-23 19:39:44,389 INFO "GET /api/posts/5/ HTTP/1.1" 200 243 213 
2025-08-23 19:39:44,391 INFO "GET /api/posts/5/ HTTP/1.1" 200 243 213 
2025-08-23 19:39:46,848 INFO "OPTIONS /api/posts/5/update/ HTTP/1.1" 200 0 213 
2025-08-23 19:39:46,883 INFO "PUT /api/posts/5/update/ HTTP/1.1" 200 245 213 
2025-08-23 19:39:46,987 INFO "GET /api/posts/5/ HTTP/1.1" 200 245 213 
2025-08-23 19:39:46,990 INFO "GET /api/posts/5/ HTTP/1.1" 200 245 213 
2025-08-23 19:43:26,835 INFO "GET /api/posts/5/ HTTP/1.1" 200 245 213 
2025-08-23 19:43:26,836 INFO "GET /api/posts/5/ HTTP/1.1" 200 245 213 
2025-08-23 19:43:32,326 INFO "PUT /api/posts/5/update/ HTTP/1.1" 200 253 213 
2025-08-23 19:43:32,395 INFO "GET /api/posts/5/ HTTP/1.1" 200 253 213 
2025-08-23 19:43:32,399 INFO "GET /api/posts/5/ HTTP/1.1" 200 253 213 
2025-08-23 19:43:35,771 INFO "GET /api/posts/my-posts/ HTTP/1.1" 200 365 213 
2025-08-23 19:43:37,325 INFO "GET /api/posts/my-posts/ HTTP/1.1" 200 365 213 
2025-08-23 19:43:48,169 INFO "POST /api/auth/login/ HTTP/1.1" 200 239 213 
2025-08-23 19:43:48,213 INFO "GET /api/posts/my-posts/ HTTP/1.1" 200 372 213 
2025-08-23 19:43:50,192 INFO "OPTIONS /api/posts/2/ HTTP/1.1" 200 0 213 
2025-08-23 19:43:50,195 INFO "OPTIONS /api/posts/2/ HTTP/1.1" 200 0 213 
2025-08-23 19:43:50,206 INFO "GET /api/posts/2/ HTTP/1.1" 200 260 213 
2025-08-23 19:43:50,209 INFO "GET /api/posts/2/ HTTP/1.1" 200 260 213 
2025-08-23 19:43:51,514 INFO "GET /api/posts/2/ HTTP/1.1" 200 260 213 
2025-08-23 19:43:51,515 INFO "GET /api/posts/2/ HTTP/1.1" 200 260 213 
2025-08-23 19:43:58,324 INFO "OPTIONS /api/posts/2/update/ HTTP/1.1" 200 0 213 
2025-08-23 19:43:58,359 INFO "PUT /api/posts/2/update/ HTTP/1.1" 200 266 213 
2025-08-23 19:43:58,437 INFO "GET /api/posts/2/ HTTP/1.1" 200 266 213 
2025-08-23 19:43:58,438 INFO "GET /api/posts/2/ HTTP/1.1" 200 266 213 
2025-08-23 19:44:00,786 INFO "GET /api/posts/my-posts/ HTTP/1.1" 200 378 213 
2025-08-23 19:44:02,709 INFO "GET /api/posts/my-posts/ HTTP/1.1" 200 378 213 
2025-08-23 19:44:59,399 INFO "GET /api/posts/ HTTP/1.1" 200 623 213 
2025-08-23 19:47:08,351 INFO /home/anishchengre/Django/blog-application/authentication/views.py changed, reloading. 265 
2025-08-23 19:47:08,640 INFO Watching for file changes with StatReloader 667 
2025-08-23 19:47:12,806 INFO /home/anishchengre/Django/blog-application/authentication/views.py changed, reloading. 265 
2025-08-23 19:47:13,093 INFO Watching for file changes with StatReloader 667 
2025-08-23 19:47:20,306 INFO /home/anishchengre/Django/blog-application/authentication/views.py changed, reloading. 265 
2025-08-23 19:47:20,605 INFO Watching for file changes with StatReloader 667 
2025-08-23 19:47:22,770 INFO /home/anishchengre/Django/blog-application/blogs/views.py changed, reloading. 265 
2025-08-23 19:47:23,038 INFO Watching for file changes with StatReloader 667 
2025-08-23 19:49:04,840 INFO "OPTIONS /api/auth/login/ HTTP/1.1" 200 2 213 
2025-08-23 19:49:05,418 INFO "OPTIONS /api/auth/login/ HTTP/1.1" 200 2 213 
2025-08-23 19:49:05,686 INFO "OPTIONS /api/auth/login/ HTTP/1.1" 200 2 213 
2025-08-23 19:49:05,876 INFO "OPTIONS /api/auth/login/ HTTP/1.1" 200 2 213 
2025-08-23 19:49:06,065 INFO "OPTIONS /api/auth/login/ HTTP/1.1" 200 2 213 
2025-08-23 19:49:06,245 INFO "OPTIONS /api/auth/login/ HTTP/1.1" 200 2 213 
2025-08-23 19:49:06,400 INFO "OPTIONS /api/auth/login/ HTTP/1.1" 200 2 213 
2025-08-23 19:49:11,576 INFO "OPTIONS /api/auth/login/ HTTP/1.1" 200 2 213 
2025-08-23 19:49:11,762 INFO "OPTIONS /api/auth/login/ HTTP/1.1" 200 2 213 
2025-08-23 19:49:11,932 INFO "OPTIONS /api/auth/login/ HTTP/1.1" 200 2 213 
2025-08-23 19:49:45,159 INFO "OPTIONS /api/auth/login/ HTTP/1.1" 200 2 213 
2025-08-23 19:49:45,840 INFO "OPTIONS /api/auth/login/ HTTP/1.1" 200 2 213 
2025-08-23 19:50:02,276 INFO "OPTIONS /api/auth/login/ HTTP/1.1" 200 2 213 
2025-08-24 15:36:12,868 INFO Watching for file changes with StatReloader 667 
2025-08-24 15:36:15,365 INFO "GET /api/posts/ HTTP/1.1" 200 623 213 
2025-08-24 15:36:23,153 INFO "OPTIONS /api/auth/login/ HTTP/1.1" 200 0 213 
2025-08-24 15:36:23,587 INFO "POST /api/auth/login/ HTTP/1.1" 200 239 213 
2025-08-24 15:36:23,640 INFO "OPTIONS /api/posts/my-posts/ HTTP/1.1" 200 0 213 
2025-08-24 15:36:23,747 INFO "GET /api/posts/my-posts/ HTTP/1.1" 200 378 213 
2025-08-24 15:36:25,288 INFO "OPTIONS /api/posts/2/ HTTP/1.1" 200 0 213 
2025-08-24 15:36:25,310 INFO "GET /api/posts/2/ HTTP/1.1" 200 266 213 
2025-08-24 15:36:25,408 INFO "GET /api/posts/2/ HTTP/1.1" 200 266 213 
2025-08-24 15:36:27,779 INFO "GET /api/posts/my-posts/ HTTP/1.1" 200 378 213 
2025-08-24 15:36:29,845 INFO "GET /api/posts/2/ HTTP/1.1" 200 266 213 
2025-08-24 15:36:29,883 INFO "GET /api/posts/2/ HTTP/1.1" 200 266 213 
2025-08-24 15:36:34,076 INFO "OPTIONS /api/posts/2/update/ HTTP/1.1" 200 0 213 
2025-08-24 15:36:34,154 INFO "PUT /api/posts/2/update/ HTTP/1.1" 200 256 213 
2025-08-24 15:36:34,259 INFO "GET /api/posts/2/ HTTP/1.1" 200 256 213 
2025-08-24 15:36:34,357 INFO "GET /api/posts/2/ HTTP/1.1" 200 256 213 
2025-08-24 15:36:37,176 INFO "OPTIONS /api/posts/2/delete/ HTTP/1.1" 200 0 213 
2025-08-24 15:36:37,200 INFO "DELETE /api/posts/2/delete/ HTTP/1.1" 200 304 213 
2025-08-24 15:36:37,303 INFO "GET /api/posts/my-posts/ HTTP/1.1" 200 122 213 
2025-08-24 15:36:45,352 INFO "OPTIONS /api/posts/create/ HTTP/1.1" 200 0 213 
2025-08-24 15:36:45,378 INFO "POST /api/posts/create/ HTTP/1.1" 201 244 213 
2025-08-24 15:36:45,487 INFO "GET /api/posts/my-posts/ HTTP/1.1" 200 356 213 
2025-08-24 15:36:54,159 INFO "POST /api/posts/create/ HTTP/1.1" 201 250 213 
2025-08-24 15:36:54,205 INFO "GET /api/posts/my-posts/ HTTP/1.1" 200 598 213 
2025-08-24 15:37:01,213 INFO "POST /api/auth/login/ HTTP/1.1" 200 225 213 
2025-08-24 15:37:01,239 INFO "GET /api/posts/my-posts/ HTTP/1.1" 200 365 213 
2025-08-24 15:37:51,447 INFO "GET /api/posts/ HTTP/1.1" 200 843 213 
2025-08-24 15:38:14,656 INFO "GET /api/posts/ HTTP/1.1" 200 843 213 
2025-08-24 15:47:11,304 INFO Watching for file changes with StatReloader 667 
2025-08-24 15:48:37,066 INFO /home/anishchengre/Django/blog-application/blogs/urls.py changed, reloading. 265 
2025-08-24 15:48:37,451 INFO Watching for file changes with StatReloader 667 
2025-08-24 15:48:46,715 INFO /home/anishchengre/Django/blog-application/blogs/views.py changed, reloading. 265 
2025-08-24 15:48:47,017 INFO Watching for file changes with StatReloader 667 
2025-08-24 15:48:55,229 INFO /home/anishchengre/Django/blog-application/blogs/views.py changed, reloading. 265 
2025-08-24 15:48:55,505 INFO Watching for file changes with StatReloader 667 
2025-08-24 15:49:18,945 ERROR Internal Server Error: /api/posts/1/ 253 
2025-08-24 15:49:18,945 ERROR "GET /api/posts/1/ HTTP/1.1" 500 67 213 
2025-08-24 15:49:18,949 ERROR Internal Server Error: /api/posts/1/ 253 
2025-08-24 15:49:18,949 ERROR "GET /api/posts/1/ HTTP/1.1" 500 67 213 
2025-08-24 15:49:21,984 INFO "GET /api/posts/ HTTP/1.1" 200 843 213 
2025-08-24 15:49:38,395 ERROR Internal Server Error: /api/posts/25/ 253 
2025-08-24 15:49:38,395 ERROR Internal Server Error: /api/posts/25/ 253 
2025-08-24 15:49:38,395 ERROR "GET /api/posts/25/ HTTP/1.1" 500 67 213 
2025-08-24 15:49:38,395 ERROR "GET /api/posts/25/ HTTP/1.1" 500 67 213 
2025-08-24 15:49:41,315 INFO "GET /api/posts/5/ HTTP/1.1" 200 253 213 
2025-08-24 15:49:41,320 INFO "GET /api/posts/5/ HTTP/1.1" 200 253 213 
2025-08-24 15:50:12,805 INFO Watching for file changes with StatReloader 667 
2025-08-24 15:50:39,186 INFO /home/anishchengre/Django/blog-application/core/settings.py changed, reloading. 265 
2025-08-24 15:50:39,468 INFO Watching for file changes with StatReloader 667 
2025-08-24 15:50:52,673 INFO /home/anishchengre/Django/blog-application/core/settings.py changed, reloading. 265 
2025-08-24 15:50:52,961 INFO Watching for file changes with StatReloader 667 
2025-08-24 15:50:54,331 INFO Watching for file changes with StatReloader 667 
2025-08-24 15:51:00,918 INFO "OPTIONS /api/auth/login/ HTTP/1.1" 200 0 213 
2025-08-24 15:51:01,363 INFO "POST /api/auth/login/ HTTP/1.1" 200 239 213 
2025-08-24 15:51:01,464 INFO "OPTIONS /api/posts/my-posts/ HTTP/1.1" 200 0 213 
2025-08-24 15:51:01,484 INFO "GET /api/posts/my-posts/ HTTP/1.1" 200 598 213 
2025-08-24 15:51:54,146 INFO "GET /api/posts/my-posts/ HTTP/1.1" 200 598 213 
2025-08-24 15:51:55,514 INFO "GET /api/posts/my-posts/ HTTP/1.1" 200 598 213 
2025-08-24 15:51:56,511 INFO "GET /api/posts/my-posts/ HTTP/1.1" 200 598 213 
2025-08-24 15:51:58,257 INFO "GET /api/posts/my-posts/ HTTP/1.1" 200 598 213 
2025-08-24 15:52:28,449 WARNING Unauthorized: /api/posts/my-posts/ 253 
2025-08-24 15:52:28,449 WARNING "GET /api/posts/my-posts/ HTTP/1.1" 401 30 213 
2025-08-24 15:52:28,591 INFO "GET /api/posts/ HTTP/1.1" 200 843 213 
2025-08-24 15:52:36,395 INFO "POST /api/auth/login/ HTTP/1.1" 200 225 213 
2025-08-24 15:52:36,440 INFO "GET /api/posts/my-posts/ HTTP/1.1" 200 365 213 
2025-08-24 15:53:04,183 INFO "GET /api/posts/my-posts/ HTTP/1.1" 200 365 213 
2025-08-24 15:53:05,449 INFO "GET /api/posts/my-posts/ HTTP/1.1" 200 365 213 
2025-08-24 15:53:06,133 INFO "GET /api/posts/my-posts/ HTTP/1.1" 200 365 213 
2025-08-24 15:53:06,746 INFO "GET /api/posts/my-posts/ HTTP/1.1" 200 365 213 
2025-08-24 15:53:07,273 INFO "GET /api/posts/my-posts/ HTTP/1.1" 200 365 213 
2025-08-24 15:53:07,733 INFO "GET /api/posts/my-posts/ HTTP/1.1" 200 365 213 
2025-08-24 15:53:08,250 INFO "GET /api/posts/my-posts/ HTTP/1.1" 200 365 213 
2025-08-24 15:53:08,785 INFO "GET /api/posts/my-posts/ HTTP/1.1" 200 365 213 
2025-08-24 15:53:09,225 INFO "GET /api/posts/my-posts/ HTTP/1.1" 200 365 213 
2025-08-24 15:53:09,730 INFO "GET /api/posts/my-posts/ HTTP/1.1" 200 365 213 
2025-08-24 15:53:10,195 INFO "GET /api/posts/my-posts/ HTTP/1.1" 200 365 213 
2025-08-24 15:53:10,658 INFO "GET /api/posts/my-posts/ HTTP/1.1" 200 365 213 
2025-08-24 15:53:11,095 INFO "GET /api/posts/my-posts/ HTTP/1.1" 200 365 213 
2025-08-24 15:53:11,560 INFO "GET /api/posts/my-posts/ HTTP/1.1" 200 365 213 
2025-08-24 15:53:11,960 INFO "GET /api/posts/my-posts/ HTTP/1.1" 200 365 213 
2025-08-24 15:53:12,525 INFO "GET /api/posts/my-posts/ HTTP/1.1" 200 365 213 
2025-08-24 15:53:12,864 INFO "OPTIONS /api/posts/my-posts/ HTTP/1.1" 200 0 213 
2025-08-24 15:53:12,880 INFO "GET /api/posts/my-posts/ HTTP/1.1" 200 365 213 
2025-08-24 15:53:13,281 INFO "OPTIONS /api/posts/my-posts/ HTTP/1.1" 200 0 213 
2025-08-24 15:53:13,341 INFO "GET /api/posts/my-posts/ HTTP/1.1" 200 365 213 
2025-08-24 15:53:14,730 INFO "OPTIONS /api/posts/my-posts/ HTTP/1.1" 200 0 213 
2025-08-24 15:53:14,776 INFO "GET /api/posts/my-posts/ HTTP/1.1" 200 365 213 
2025-08-24 15:53:51,013 WARNING Unauthorized: /api/posts/my-posts/ 253 
2025-08-24 15:53:51,013 WARNING "GET /api/posts/my-posts/ HTTP/1.1" 401 30 213 
2025-08-24 15:53:51,180 INFO "GET /api/posts/ HTTP/1.1" 200 843 213 
2025-08-24 15:54:01,026 INFO /home/anishchengre/Django/blog-application/core/settings.py changed, reloading. 265 
2025-08-24 15:54:01,350 INFO Watching for file changes with StatReloader 667 
2025-08-24 15:54:36,690 INFO "POST /api/auth/login/ HTTP/1.1" 200 239 213 
2025-08-24 15:54:36,750 INFO "GET /api/posts/my-posts/ HTTP/1.1" 200 598 213 
2025-08-24 15:54:43,697 INFO "OPTIONS /api/posts/7/ HTTP/1.1" 200 0 213 
2025-08-24 15:54:43,698 INFO "OPTIONS /api/posts/7/ HTTP/1.1" 200 0 213 
2025-08-24 15:54:43,714 INFO "GET /api/posts/7/ HTTP/1.1" 200 250 213 
2025-08-24 15:54:43,716 INFO "GET /api/posts/7/ HTTP/1.1" 200 250 213 
2025-08-24 15:54:47,528 INFO "GET /api/posts/7/ HTTP/1.1" 200 250 213 
2025-08-24 15:54:47,528 INFO "GET /api/posts/7/ HTTP/1.1" 200 250 213 
2025-08-24 15:54:53,639 INFO "OPTIONS /api/posts/7/update/ HTTP/1.1" 200 0 213 
2025-08-24 15:54:53,720 INFO "PUT /api/posts/7/update/ HTTP/1.1" 200 253 213 
2025-08-24 15:54:53,778 INFO "GET /api/posts/7/ HTTP/1.1" 200 253 213 
2025-08-24 15:54:53,782 INFO "GET /api/posts/7/ HTTP/1.1" 200 253 213 
2025-08-24 15:54:58,107 INFO "OPTIONS /api/posts/7/delete/ HTTP/1.1" 200 0 213 
2025-08-24 15:54:58,150 INFO "DELETE /api/posts/7/delete/ HTTP/1.1" 200 301 213 
2025-08-24 15:54:58,197 INFO "GET /api/posts/my-posts/ HTTP/1.1" 200 356 213 
2025-08-24 15:57:41,319 INFO /home/anishchengre/Django/blog-application/core/settings.py changed, reloading. 265 
2025-08-24 16:19:24,230 INFO Watching for file changes with StatReloader 667 
2025-08-24 16:19:31,373 INFO /home/anishchengre/Django/blog-application/core/settings.py changed, reloading. 265 
2025-08-24 16:19:31,676 INFO Watching for file changes with StatReloader 667 
2025-08-24 16:19:40,869 INFO /home/anishchengre/Django/blog-application/utilities/middleware.py changed, reloading. 265 
2025-08-24 16:19:41,124 INFO Watching for file changes with StatReloader 667 
2025-08-24 16:19:45,292 INFO /home/anishchengre/Django/blog-application/core/settings.py changed, reloading. 265 
2025-08-24 16:19:45,568 INFO Watching for file changes with StatReloader 667 
2025-08-24 16:19:55,805 INFO /home/anishchengre/Django/blog-application/core/settings.py changed, reloading. 265 
2025-08-24 16:19:56,081 INFO Watching for file changes with StatReloader 667 
2025-08-24 16:19:59,196 INFO Watching for file changes with StatReloader 667 
2025-08-24 16:20:31,401 INFO Watching for file changes with StatReloader 667 
2025-08-24 16:20:55,738 INFO /home/anishchengre/Django/blog-application/core/settings.py changed, reloading. 265 
2025-08-24 16:20:56,057 INFO Watching for file changes with StatReloader 667 
2025-08-24 16:20:56,688 ERROR Invalid HTTP_HOST header: 'localhost:8000'. You may need to add 'localhost' to ALLOWED_HOSTS. 253 
Traceback (most recent call last):
  File "/home/anishchengre/Django/blog-application/venv/lib/python3.13/site-packages/django/core/handlers/exception.py", line 55, in inner
    response = get_response(request)
  File "/home/anishchengre/Django/blog-application/venv/lib/python3.13/site-packages/django/utils/deprecation.py", line 119, in __call__
    response = self.process_request(request)
  File "/home/anishchengre/Django/blog-application/venv/lib/python3.13/site-packages/django/middleware/security.py", line 28, in process_request
    host = self.redirect_host or request.get_host()
                                 ~~~~~~~~~~~~~~~~^^
  File "/home/anishchengre/Django/blog-application/venv/lib/python3.13/site-packages/django/http/request.py", line 202, in get_host
    raise DisallowedHost(msg)
django.core.exceptions.DisallowedHost: Invalid HTTP_HOST header: 'localhost:8000'. You may need to add 'localhost' to ALLOWED_HOSTS.
2025-08-24 16:20:56,691 WARNING "GET /api/posts/my-posts/ HTTP/1.1" 400 143 213 
2025-08-24 16:20:58,241 ERROR Invalid HTTP_HOST header: 'localhost:8000'. You may need to add 'localhost' to ALLOWED_HOSTS. 253 
Traceback (most recent call last):
  File "/home/anishchengre/Django/blog-application/venv/lib/python3.13/site-packages/django/core/handlers/exception.py", line 55, in inner
    response = get_response(request)
  File "/home/anishchengre/Django/blog-application/venv/lib/python3.13/site-packages/django/utils/deprecation.py", line 119, in __call__
    response = self.process_request(request)
  File "/home/anishchengre/Django/blog-application/venv/lib/python3.13/site-packages/django/middleware/security.py", line 28, in process_request
    host = self.redirect_host or request.get_host()
                                 ~~~~~~~~~~~~~~~~^^
  File "/home/anishchengre/Django/blog-application/venv/lib/python3.13/site-packages/django/http/request.py", line 202, in get_host
    raise DisallowedHost(msg)
django.core.exceptions.DisallowedHost: Invalid HTTP_HOST header: 'localhost:8000'. You may need to add 'localhost' to ALLOWED_HOSTS.
2025-08-24 16:20:58,242 WARNING "OPTIONS /api/posts/my-posts/ HTTP/1.1" 400 143 213 
2025-08-24 16:21:00,999 ERROR Invalid HTTP_HOST header: 'localhost:8000'. You may need to add 'localhost' to ALLOWED_HOSTS. 253 
Traceback (most recent call last):
  File "/home/anishchengre/Django/blog-application/venv/lib/python3.13/site-packages/django/core/handlers/exception.py", line 55, in inner
    response = get_response(request)
  File "/home/anishchengre/Django/blog-application/venv/lib/python3.13/site-packages/django/utils/deprecation.py", line 119, in __call__
    response = self.process_request(request)
  File "/home/anishchengre/Django/blog-application/venv/lib/python3.13/site-packages/django/middleware/security.py", line 28, in process_request
    host = self.redirect_host or request.get_host()
                                 ~~~~~~~~~~~~~~~~^^
  File "/home/anishchengre/Django/blog-application/venv/lib/python3.13/site-packages/django/http/request.py", line 202, in get_host
    raise DisallowedHost(msg)
django.core.exceptions.DisallowedHost: Invalid HTTP_HOST header: 'localhost:8000'. You may need to add 'localhost' to ALLOWED_HOSTS.
2025-08-24 16:21:01,002 WARNING "OPTIONS /api/posts/my-posts/ HTTP/1.1" 400 143 213 
2025-08-24 16:21:05,066 ERROR Invalid HTTP_HOST header: 'localhost:8000'. You may need to add 'localhost' to ALLOWED_HOSTS. 253 
Traceback (most recent call last):
  File "/home/anishchengre/Django/blog-application/venv/lib/python3.13/site-packages/django/core/handlers/exception.py", line 55, in inner
    response = get_response(request)
  File "/home/anishchengre/Django/blog-application/venv/lib/python3.13/site-packages/django/utils/deprecation.py", line 119, in __call__
    response = self.process_request(request)
  File "/home/anishchengre/Django/blog-application/venv/lib/python3.13/site-packages/django/middleware/security.py", line 28, in process_request
    host = self.redirect_host or request.get_host()
                                 ~~~~~~~~~~~~~~~~^^
  File "/home/anishchengre/Django/blog-application/venv/lib/python3.13/site-packages/django/http/request.py", line 202, in get_host
    raise DisallowedHost(msg)
django.core.exceptions.DisallowedHost: Invalid HTTP_HOST header: 'localhost:8000'. You may need to add 'localhost' to ALLOWED_HOSTS.
2025-08-24 16:21:05,068 WARNING "POST /api/auth/login/ HTTP/1.1" 400 143 213 
2025-08-24 16:21:08,150 ERROR Invalid HTTP_HOST header: 'localhost:8000'. You may need to add 'localhost' to ALLOWED_HOSTS. 253 
Traceback (most recent call last):
  File "/home/anishchengre/Django/blog-application/venv/lib/python3.13/site-packages/django/core/handlers/exception.py", line 55, in inner
    response = get_response(request)
  File "/home/anishchengre/Django/blog-application/venv/lib/python3.13/site-packages/django/utils/deprecation.py", line 119, in __call__
    response = self.process_request(request)
  File "/home/anishchengre/Django/blog-application/venv/lib/python3.13/site-packages/django/middleware/security.py", line 28, in process_request
    host = self.redirect_host or request.get_host()
                                 ~~~~~~~~~~~~~~~~^^
  File "/home/anishchengre/Django/blog-application/venv/lib/python3.13/site-packages/django/http/request.py", line 202, in get_host
    raise DisallowedHost(msg)
django.core.exceptions.DisallowedHost: Invalid HTTP_HOST header: 'localhost:8000'. You may need to add 'localhost' to ALLOWED_HOSTS.
2025-08-24 16:21:08,151 WARNING "OPTIONS /api/auth/login/ HTTP/1.1" 400 143 213 
2025-08-24 16:21:30,571 ERROR Invalid HTTP_HOST header: 'localhost:8000'. You may need to add 'localhost' to ALLOWED_HOSTS. 253 
Traceback (most recent call last):
  File "/home/anishchengre/Django/blog-application/venv/lib/python3.13/site-packages/django/core/handlers/exception.py", line 55, in inner
    response = get_response(request)
  File "/home/anishchengre/Django/blog-application/venv/lib/python3.13/site-packages/django/utils/deprecation.py", line 119, in __call__
    response = self.process_request(request)
  File "/home/anishchengre/Django/blog-application/venv/lib/python3.13/site-packages/django/middleware/security.py", line 28, in process_request
    host = self.redirect_host or request.get_host()
                                 ~~~~~~~~~~~~~~~~^^
  File "/home/anishchengre/Django/blog-application/venv/lib/python3.13/site-packages/django/http/request.py", line 202, in get_host
    raise DisallowedHost(msg)
django.core.exceptions.DisallowedHost: Invalid HTTP_HOST header: 'localhost:8000'. You may need to add 'localhost' to ALLOWED_HOSTS.
2025-08-24 16:21:30,573 WARNING "OPTIONS /api/auth/login/ HTTP/1.1" 400 143 213 
2025-08-24 16:21:51,685 INFO /home/anishchengre/Django/blog-application/core/settings.py changed, reloading. 265 
2025-08-24 16:21:52,007 INFO Watching for file changes with StatReloader 667 
2025-08-24 16:21:52,666 ERROR Invalid HTTP_HOST header: 'localhost:8000'. You may need to add 'localhost' to ALLOWED_HOSTS. 253 
Traceback (most recent call last):
  File "/home/anishchengre/Django/blog-application/venv/lib/python3.13/site-packages/django/core/handlers/exception.py", line 55, in inner
    response = get_response(request)
  File "/home/anishchengre/Django/blog-application/venv/lib/python3.13/site-packages/django/utils/deprecation.py", line 119, in __call__
    response = self.process_request(request)
  File "/home/anishchengre/Django/blog-application/venv/lib/python3.13/site-packages/django/middleware/security.py", line 28, in process_request
    host = self.redirect_host or request.get_host()
                                 ~~~~~~~~~~~~~~~~^^
  File "/home/anishchengre/Django/blog-application/venv/lib/python3.13/site-packages/django/http/request.py", line 202, in get_host
    raise DisallowedHost(msg)
django.core.exceptions.DisallowedHost: Invalid HTTP_HOST header: 'localhost:8000'. You may need to add 'localhost' to ALLOWED_HOSTS.
2025-08-24 16:21:52,668 WARNING "OPTIONS /api/auth/login/ HTTP/1.1" 400 143 213 
2025-08-24 16:21:53,158 ERROR Invalid HTTP_HOST header: 'localhost:8000'. You may need to add 'localhost' to ALLOWED_HOSTS. 253 
Traceback (most recent call last):
  File "/home/anishchengre/Django/blog-application/venv/lib/python3.13/site-packages/django/core/handlers/exception.py", line 55, in inner
    response = get_response(request)
  File "/home/anishchengre/Django/blog-application/venv/lib/python3.13/site-packages/django/utils/deprecation.py", line 119, in __call__
    response = self.process_request(request)
  File "/home/anishchengre/Django/blog-application/venv/lib/python3.13/site-packages/django/middleware/security.py", line 28, in process_request
    host = self.redirect_host or request.get_host()
                                 ~~~~~~~~~~~~~~~~^^
  File "/home/anishchengre/Django/blog-application/venv/lib/python3.13/site-packages/django/http/request.py", line 202, in get_host
    raise DisallowedHost(msg)
django.core.exceptions.DisallowedHost: Invalid HTTP_HOST header: 'localhost:8000'. You may need to add 'localhost' to ALLOWED_HOSTS.
2025-08-24 16:21:53,159 WARNING "OPTIONS /api/auth/login/ HTTP/1.1" 400 143 213 
2025-08-24 16:21:53,384 ERROR Invalid HTTP_HOST header: 'localhost:8000'. You may need to add 'localhost' to ALLOWED_HOSTS. 253 
Traceback (most recent call last):
  File "/home/anishchengre/Django/blog-application/venv/lib/python3.13/site-packages/django/core/handlers/exception.py", line 55, in inner
    response = get_response(request)
  File "/home/anishchengre/Django/blog-application/venv/lib/python3.13/site-packages/django/utils/deprecation.py", line 119, in __call__
    response = self.process_request(request)
  File "/home/anishchengre/Django/blog-application/venv/lib/python3.13/site-packages/django/middleware/security.py", line 28, in process_request
    host = self.redirect_host or request.get_host()
                                 ~~~~~~~~~~~~~~~~^^
  File "/home/anishchengre/Django/blog-application/venv/lib/python3.13/site-packages/django/http/request.py", line 202, in get_host
    raise DisallowedHost(msg)
django.core.exceptions.DisallowedHost: Invalid HTTP_HOST header: 'localhost:8000'. You may need to add 'localhost' to ALLOWED_HOSTS.
2025-08-24 16:21:53,385 WARNING "OPTIONS /api/auth/login/ HTTP/1.1" 400 143 213 
2025-08-24 16:21:53,574 ERROR Invalid HTTP_HOST header: 'localhost:8000'. You may need to add 'localhost' to ALLOWED_HOSTS. 253 
Traceback (most recent call last):
  File "/home/anishchengre/Django/blog-application/venv/lib/python3.13/site-packages/django/core/handlers/exception.py", line 55, in inner
    response = get_response(request)
  File "/home/anishchengre/Django/blog-application/venv/lib/python3.13/site-packages/django/utils/deprecation.py", line 119, in __call__
    response = self.process_request(request)
  File "/home/anishchengre/Django/blog-application/venv/lib/python3.13/site-packages/django/middleware/security.py", line 28, in process_request
    host = self.redirect_host or request.get_host()
                                 ~~~~~~~~~~~~~~~~^^
  File "/home/anishchengre/Django/blog-application/venv/lib/python3.13/site-packages/django/http/request.py", line 202, in get_host
    raise DisallowedHost(msg)
django.core.exceptions.DisallowedHost: Invalid HTTP_HOST header: 'localhost:8000'. You may need to add 'localhost' to ALLOWED_HOSTS.
2025-08-24 16:21:53,574 WARNING "OPTIONS /api/auth/login/ HTTP/1.1" 400 143 213 
2025-08-24 16:21:56,169 INFO /home/anishchengre/Django/blog-application/core/settings.py changed, reloading. 265 
2025-08-24 16:21:56,521 INFO Watching for file changes with StatReloader 667 
2025-08-24 16:21:59,207 INFO Watching for file changes with StatReloader 667 
2025-08-24 16:22:03,072 ERROR Invalid HTTP_HOST header: 'localhost:8000'. You may need to add 'localhost' to ALLOWED_HOSTS. 253 
Traceback (most recent call last):
  File "/home/anishchengre/Django/blog-application/venv/lib/python3.13/site-packages/django/core/handlers/exception.py", line 55, in inner
    response = get_response(request)
  File "/home/anishchengre/Django/blog-application/venv/lib/python3.13/site-packages/django/utils/deprecation.py", line 119, in __call__
    response = self.process_request(request)
  File "/home/anishchengre/Django/blog-application/venv/lib/python3.13/site-packages/django/middleware/security.py", line 28, in process_request
    host = self.redirect_host or request.get_host()
                                 ~~~~~~~~~~~~~~~~^^
  File "/home/anishchengre/Django/blog-application/venv/lib/python3.13/site-packages/django/http/request.py", line 202, in get_host
    raise DisallowedHost(msg)
django.core.exceptions.DisallowedHost: Invalid HTTP_HOST header: 'localhost:8000'. You may need to add 'localhost' to ALLOWED_HOSTS.
2025-08-24 16:22:03,074 WARNING "OPTIONS /api/auth/login/ HTTP/1.1" 400 143 213 
2025-08-24 16:22:43,202 ERROR Invalid HTTP_HOST header: 'localhost:8000'. You may need to add 'localhost' to ALLOWED_HOSTS. 253 
Traceback (most recent call last):
  File "/home/anishchengre/Django/blog-application/venv/lib/python3.13/site-packages/django/core/handlers/exception.py", line 55, in inner
    response = get_response(request)
  File "/home/anishchengre/Django/blog-application/venv/lib/python3.13/site-packages/django/utils/deprecation.py", line 119, in __call__
    response = self.process_request(request)
  File "/home/anishchengre/Django/blog-application/venv/lib/python3.13/site-packages/django/middleware/security.py", line 28, in process_request
    host = self.redirect_host or request.get_host()
                                 ~~~~~~~~~~~~~~~~^^
  File "/home/anishchengre/Django/blog-application/venv/lib/python3.13/site-packages/django/http/request.py", line 202, in get_host
    raise DisallowedHost(msg)
django.core.exceptions.DisallowedHost: Invalid HTTP_HOST header: 'localhost:8000'. You may need to add 'localhost' to ALLOWED_HOSTS.
2025-08-24 16:22:43,203 WARNING "OPTIONS /api/auth/login/ HTTP/1.1" 400 143 213 
2025-08-24 16:22:43,683 ERROR Invalid HTTP_HOST header: 'localhost:8000'. You may need to add 'localhost' to ALLOWED_HOSTS. 253 
Traceback (most recent call last):
  File "/home/anishchengre/Django/blog-application/venv/lib/python3.13/site-packages/django/core/handlers/exception.py", line 55, in inner
    response = get_response(request)
  File "/home/anishchengre/Django/blog-application/venv/lib/python3.13/site-packages/django/utils/deprecation.py", line 119, in __call__
    response = self.process_request(request)
  File "/home/anishchengre/Django/blog-application/venv/lib/python3.13/site-packages/django/middleware/security.py", line 28, in process_request
    host = self.redirect_host or request.get_host()
                                 ~~~~~~~~~~~~~~~~^^
  File "/home/anishchengre/Django/blog-application/venv/lib/python3.13/site-packages/django/http/request.py", line 202, in get_host
    raise DisallowedHost(msg)
django.core.exceptions.DisallowedHost: Invalid HTTP_HOST header: 'localhost:8000'. You may need to add 'localhost' to ALLOWED_HOSTS.
2025-08-24 16:22:43,684 WARNING "OPTIONS /api/auth/login/ HTTP/1.1" 400 143 213 
2025-08-24 16:22:48,517 ERROR Invalid HTTP_HOST header: 'localhost:8000'. You may need to add 'localhost' to ALLOWED_HOSTS. 253 
Traceback (most recent call last):
  File "/home/anishchengre/Django/blog-application/venv/lib/python3.13/site-packages/django/core/handlers/exception.py", line 55, in inner
    response = get_response(request)
  File "/home/anishchengre/Django/blog-application/venv/lib/python3.13/site-packages/django/utils/deprecation.py", line 119, in __call__
    response = self.process_request(request)
  File "/home/anishchengre/Django/blog-application/venv/lib/python3.13/site-packages/django/middleware/security.py", line 28, in process_request
    host = self.redirect_host or request.get_host()
                                 ~~~~~~~~~~~~~~~~^^
  File "/home/anishchengre/Django/blog-application/venv/lib/python3.13/site-packages/django/http/request.py", line 202, in get_host
    raise DisallowedHost(msg)
django.core.exceptions.DisallowedHost: Invalid HTTP_HOST header: 'localhost:8000'. You may need to add 'localhost' to ALLOWED_HOSTS.
2025-08-24 16:22:48,520 WARNING "OPTIONS /api/auth/login/ HTTP/1.1" 400 143 213 
2025-08-24 16:22:52,929 ERROR Invalid HTTP_HOST header: 'localhost:8000'. You may need to add 'localhost' to ALLOWED_HOSTS. 253 
Traceback (most recent call last):
  File "/home/anishchengre/Django/blog-application/venv/lib/python3.13/site-packages/django/core/handlers/exception.py", line 55, in inner
    response = get_response(request)
  File "/home/anishchengre/Django/blog-application/venv/lib/python3.13/site-packages/django/utils/deprecation.py", line 119, in __call__
    response = self.process_request(request)
  File "/home/anishchengre/Django/blog-application/venv/lib/python3.13/site-packages/django/middleware/security.py", line 28, in process_request
    host = self.redirect_host or request.get_host()
                                 ~~~~~~~~~~~~~~~~^^
  File "/home/anishchengre/Django/blog-application/venv/lib/python3.13/site-packages/django/http/request.py", line 202, in get_host
    raise DisallowedHost(msg)
django.core.exceptions.DisallowedHost: Invalid HTTP_HOST header: 'localhost:8000'. You may need to add 'localhost' to ALLOWED_HOSTS.
2025-08-24 16:22:52,932 WARNING "OPTIONS /api/auth/login/ HTTP/1.1" 400 143 213 
2025-08-24 16:23:04,651 ERROR Invalid HTTP_HOST header: 'localhost:8000'. You may need to add 'localhost' to ALLOWED_HOSTS. 253 
Traceback (most recent call last):
  File "/home/anishchengre/Django/blog-application/venv/lib/python3.13/site-packages/django/core/handlers/exception.py", line 55, in inner
    response = get_response(request)
  File "/home/anishchengre/Django/blog-application/venv/lib/python3.13/site-packages/django/utils/deprecation.py", line 119, in __call__
    response = self.process_request(request)
  File "/home/anishchengre/Django/blog-application/venv/lib/python3.13/site-packages/django/middleware/security.py", line 28, in process_request
    host = self.redirect_host or request.get_host()
                                 ~~~~~~~~~~~~~~~~^^
  File "/home/anishchengre/Django/blog-application/venv/lib/python3.13/site-packages/django/http/request.py", line 202, in get_host
    raise DisallowedHost(msg)
django.core.exceptions.DisallowedHost: Invalid HTTP_HOST header: 'localhost:8000'. You may need to add 'localhost' to ALLOWED_HOSTS.
2025-08-24 16:23:04,652 WARNING "OPTIONS /api/auth/login/ HTTP/1.1" 400 143 213 
2025-08-24 16:23:05,070 ERROR Invalid HTTP_HOST header: 'localhost:8000'. You may need to add 'localhost' to ALLOWED_HOSTS. 253 
Traceback (most recent call last):
  File "/home/anishchengre/Django/blog-application/venv/lib/python3.13/site-packages/django/core/handlers/exception.py", line 55, in inner
    response = get_response(request)
  File "/home/anishchengre/Django/blog-application/venv/lib/python3.13/site-packages/django/utils/deprecation.py", line 119, in __call__
    response = self.process_request(request)
  File "/home/anishchengre/Django/blog-application/venv/lib/python3.13/site-packages/django/middleware/security.py", line 28, in process_request
    host = self.redirect_host or request.get_host()
                                 ~~~~~~~~~~~~~~~~^^
  File "/home/anishchengre/Django/blog-application/venv/lib/python3.13/site-packages/django/http/request.py", line 202, in get_host
    raise DisallowedHost(msg)
django.core.exceptions.DisallowedHost: Invalid HTTP_HOST header: 'localhost:8000'. You may need to add 'localhost' to ALLOWED_HOSTS.
2025-08-24 16:23:05,072 WARNING "OPTIONS /api/auth/login/ HTTP/1.1" 400 143 213 
2025-08-24 16:23:05,262 ERROR Invalid HTTP_HOST header: 'localhost:8000'. You may need to add 'localhost' to ALLOWED_HOSTS. 253 
Traceback (most recent call last):
  File "/home/anishchengre/Django/blog-application/venv/lib/python3.13/site-packages/django/core/handlers/exception.py", line 55, in inner
    response = get_response(request)
  File "/home/anishchengre/Django/blog-application/venv/lib/python3.13/site-packages/django/utils/deprecation.py", line 119, in __call__
    response = self.process_request(request)
  File "/home/anishchengre/Django/blog-application/venv/lib/python3.13/site-packages/django/middleware/security.py", line 28, in process_request
    host = self.redirect_host or request.get_host()
                                 ~~~~~~~~~~~~~~~~^^
  File "/home/anishchengre/Django/blog-application/venv/lib/python3.13/site-packages/django/http/request.py", line 202, in get_host
    raise DisallowedHost(msg)
django.core.exceptions.DisallowedHost: Invalid HTTP_HOST header: 'localhost:8000'. You may need to add 'localhost' to ALLOWED_HOSTS.
2025-08-24 16:23:05,263 WARNING "OPTIONS /api/auth/login/ HTTP/1.1" 400 143 213 
2025-08-24 16:23:09,316 ERROR Invalid HTTP_HOST header: 'localhost:8000'. You may need to add 'localhost' to ALLOWED_HOSTS. 253 
Traceback (most recent call last):
  File "/home/anishchengre/Django/blog-application/venv/lib/python3.13/site-packages/django/core/handlers/exception.py", line 55, in inner
    response = get_response(request)
  File "/home/anishchengre/Django/blog-application/venv/lib/python3.13/site-packages/django/utils/deprecation.py", line 119, in __call__
    response = self.process_request(request)
  File "/home/anishchengre/Django/blog-application/venv/lib/python3.13/site-packages/django/middleware/security.py", line 28, in process_request
    host = self.redirect_host or request.get_host()
                                 ~~~~~~~~~~~~~~~~^^
  File "/home/anishchengre/Django/blog-application/venv/lib/python3.13/site-packages/django/http/request.py", line 202, in get_host
    raise DisallowedHost(msg)
django.core.exceptions.DisallowedHost: Invalid HTTP_HOST header: 'localhost:8000'. You may need to add 'localhost' to ALLOWED_HOSTS.
2025-08-24 16:23:09,318 WARNING "OPTIONS /api/auth/login/ HTTP/1.1" 400 143 213 
2025-08-24 16:24:12,690 ERROR Invalid HTTP_HOST header: 'localhost:8000'. You may need to add 'localhost' to ALLOWED_HOSTS. 253 
Traceback (most recent call last):
  File "/home/anishchengre/Django/blog-application/venv/lib/python3.13/site-packages/django/core/handlers/exception.py", line 55, in inner
    response = get_response(request)
  File "/home/anishchengre/Django/blog-application/venv/lib/python3.13/site-packages/django/utils/deprecation.py", line 119, in __call__
    response = self.process_request(request)
  File "/home/anishchengre/Django/blog-application/venv/lib/python3.13/site-packages/django/middleware/security.py", line 28, in process_request
    host = self.redirect_host or request.get_host()
                                 ~~~~~~~~~~~~~~~~^^
  File "/home/anishchengre/Django/blog-application/venv/lib/python3.13/site-packages/django/http/request.py", line 202, in get_host
    raise DisallowedHost(msg)
django.core.exceptions.DisallowedHost: Invalid HTTP_HOST header: 'localhost:8000'. You may need to add 'localhost' to ALLOWED_HOSTS.
2025-08-24 16:24:12,693 WARNING "OPTIONS /api/auth/login/ HTTP/1.1" 400 143 213 
2025-08-24 16:24:20,699 ERROR Invalid HTTP_HOST header: 'localhost:8000'. You may need to add 'localhost' to ALLOWED_HOSTS. 253 
Traceback (most recent call last):
  File "/home/anishchengre/Django/blog-application/venv/lib/python3.13/site-packages/django/core/handlers/exception.py", line 55, in inner
    response = get_response(request)
  File "/home/anishchengre/Django/blog-application/venv/lib/python3.13/site-packages/django/utils/deprecation.py", line 119, in __call__
    response = self.process_request(request)
  File "/home/anishchengre/Django/blog-application/venv/lib/python3.13/site-packages/django/middleware/security.py", line 28, in process_request
    host = self.redirect_host or request.get_host()
                                 ~~~~~~~~~~~~~~~~^^
  File "/home/anishchengre/Django/blog-application/venv/lib/python3.13/site-packages/django/http/request.py", line 202, in get_host
    raise DisallowedHost(msg)
django.core.exceptions.DisallowedHost: Invalid HTTP_HOST header: 'localhost:8000'. You may need to add 'localhost' to ALLOWED_HOSTS.
2025-08-24 16:24:20,699 WARNING "OPTIONS /api/auth/login/ HTTP/1.1" 400 143 213 
2025-08-24 16:24:33,718 INFO Watching for file changes with StatReloader 667 
2025-08-24 16:24:40,479 INFO Watching for file changes with StatReloader 667 
2025-08-24 16:24:43,870 ERROR Invalid HTTP_HOST header: 'localhost:8000'. You may need to add 'localhost' to ALLOWED_HOSTS. 253 
Traceback (most recent call last):
  File "/home/anishchengre/Django/blog-application/venv/lib/python3.13/site-packages/django/core/handlers/exception.py", line 55, in inner
    response = get_response(request)
  File "/home/anishchengre/Django/blog-application/venv/lib/python3.13/site-packages/django/utils/deprecation.py", line 119, in __call__
    response = self.process_request(request)
  File "/home/anishchengre/Django/blog-application/venv/lib/python3.13/site-packages/django/middleware/security.py", line 28, in process_request
    host = self.redirect_host or request.get_host()
                                 ~~~~~~~~~~~~~~~~^^
  File "/home/anishchengre/Django/blog-application/venv/lib/python3.13/site-packages/django/http/request.py", line 202, in get_host
    raise DisallowedHost(msg)
django.core.exceptions.DisallowedHost: Invalid HTTP_HOST header: 'localhost:8000'. You may need to add 'localhost' to ALLOWED_HOSTS.
2025-08-24 16:24:43,872 WARNING "OPTIONS /api/auth/login/ HTTP/1.1" 400 74729 213 
2025-08-24 16:24:55,141 ERROR Invalid HTTP_HOST header: 'localhost:8000'. You may need to add 'localhost' to ALLOWED_HOSTS. 253 
Traceback (most recent call last):
  File "/home/anishchengre/Django/blog-application/venv/lib/python3.13/site-packages/django/core/handlers/exception.py", line 55, in inner
    response = get_response(request)
  File "/home/anishchengre/Django/blog-application/venv/lib/python3.13/site-packages/django/utils/deprecation.py", line 119, in __call__
    response = self.process_request(request)
  File "/home/anishchengre/Django/blog-application/venv/lib/python3.13/site-packages/django/middleware/security.py", line 28, in process_request
    host = self.redirect_host or request.get_host()
                                 ~~~~~~~~~~~~~~~~^^
  File "/home/anishchengre/Django/blog-application/venv/lib/python3.13/site-packages/django/http/request.py", line 202, in get_host
    raise DisallowedHost(msg)
django.core.exceptions.DisallowedHost: Invalid HTTP_HOST header: 'localhost:8000'. You may need to add 'localhost' to ALLOWED_HOSTS.
2025-08-24 16:24:55,142 WARNING "OPTIONS /api/auth/login/ HTTP/1.1" 400 74729 213 
2025-08-24 16:25:38,509 ERROR Invalid HTTP_HOST header: 'localhost:8000'. You may need to add 'localhost' to ALLOWED_HOSTS. 253 
Traceback (most recent call last):
  File "/home/anishchengre/Django/blog-application/venv/lib/python3.13/site-packages/django/core/handlers/exception.py", line 55, in inner
    response = get_response(request)
  File "/home/anishchengre/Django/blog-application/venv/lib/python3.13/site-packages/django/utils/deprecation.py", line 119, in __call__
    response = self.process_request(request)
  File "/home/anishchengre/Django/blog-application/venv/lib/python3.13/site-packages/django/middleware/security.py", line 28, in process_request
    host = self.redirect_host or request.get_host()
                                 ~~~~~~~~~~~~~~~~^^
  File "/home/anishchengre/Django/blog-application/venv/lib/python3.13/site-packages/django/http/request.py", line 202, in get_host
    raise DisallowedHost(msg)
django.core.exceptions.DisallowedHost: Invalid HTTP_HOST header: 'localhost:8000'. You may need to add 'localhost' to ALLOWED_HOSTS.
2025-08-24 16:25:38,510 WARNING "OPTIONS /api/auth/login/ HTTP/1.1" 400 74729 213 
2025-08-24 16:25:56,491 ERROR Invalid HTTP_HOST header: 'localhost:8000'. You may need to add 'localhost' to ALLOWED_HOSTS. 253 
Traceback (most recent call last):
  File "/home/anishchengre/Django/blog-application/venv/lib/python3.13/site-packages/django/core/handlers/exception.py", line 55, in inner
    response = get_response(request)
  File "/home/anishchengre/Django/blog-application/venv/lib/python3.13/site-packages/django/utils/deprecation.py", line 119, in __call__
    response = self.process_request(request)
  File "/home/anishchengre/Django/blog-application/venv/lib/python3.13/site-packages/django/middleware/security.py", line 28, in process_request
    host = self.redirect_host or request.get_host()
                                 ~~~~~~~~~~~~~~~~^^
  File "/home/anishchengre/Django/blog-application/venv/lib/python3.13/site-packages/django/http/request.py", line 202, in get_host
    raise DisallowedHost(msg)
django.core.exceptions.DisallowedHost: Invalid HTTP_HOST header: 'localhost:8000'. You may need to add 'localhost' to ALLOWED_HOSTS.
2025-08-24 16:25:56,492 WARNING "OPTIONS /api/auth/login/ HTTP/1.1" 400 74729 213 
2025-08-24 16:25:57,341 ERROR Invalid HTTP_HOST header: 'localhost:8000'. You may need to add 'localhost' to ALLOWED_HOSTS. 253 
Traceback (most recent call last):
  File "/home/anishchengre/Django/blog-application/venv/lib/python3.13/site-packages/django/core/handlers/exception.py", line 55, in inner
    response = get_response(request)
  File "/home/anishchengre/Django/blog-application/venv/lib/python3.13/site-packages/django/utils/deprecation.py", line 119, in __call__
    response = self.process_request(request)
  File "/home/anishchengre/Django/blog-application/venv/lib/python3.13/site-packages/django/middleware/security.py", line 28, in process_request
    host = self.redirect_host or request.get_host()
                                 ~~~~~~~~~~~~~~~~^^
  File "/home/anishchengre/Django/blog-application/venv/lib/python3.13/site-packages/django/http/request.py", line 202, in get_host
    raise DisallowedHost(msg)
django.core.exceptions.DisallowedHost: Invalid HTTP_HOST header: 'localhost:8000'. You may need to add 'localhost' to ALLOWED_HOSTS.
2025-08-24 16:25:57,342 WARNING "OPTIONS /api/auth/login/ HTTP/1.1" 400 74729 213 
2025-08-24 16:25:57,831 ERROR Invalid HTTP_HOST header: 'localhost:8000'. You may need to add 'localhost' to ALLOWED_HOSTS. 253 
Traceback (most recent call last):
  File "/home/anishchengre/Django/blog-application/venv/lib/python3.13/site-packages/django/core/handlers/exception.py", line 55, in inner
    response = get_response(request)
  File "/home/anishchengre/Django/blog-application/venv/lib/python3.13/site-packages/django/utils/deprecation.py", line 119, in __call__
    response = self.process_request(request)
  File "/home/anishchengre/Django/blog-application/venv/lib/python3.13/site-packages/django/middleware/security.py", line 28, in process_request
    host = self.redirect_host or request.get_host()
                                 ~~~~~~~~~~~~~~~~^^
  File "/home/anishchengre/Django/blog-application/venv/lib/python3.13/site-packages/django/http/request.py", line 202, in get_host
    raise DisallowedHost(msg)
django.core.exceptions.DisallowedHost: Invalid HTTP_HOST header: 'localhost:8000'. You may need to add 'localhost' to ALLOWED_HOSTS.
2025-08-24 16:25:57,832 WARNING "OPTIONS /api/auth/login/ HTTP/1.1" 400 74729 213 
2025-08-24 16:25:59,899 ERROR Invalid HTTP_HOST header: 'localhost:8000'. You may need to add 'localhost' to ALLOWED_HOSTS. 253 
Traceback (most recent call last):
  File "/home/anishchengre/Django/blog-application/venv/lib/python3.13/site-packages/django/core/handlers/exception.py", line 55, in inner
    response = get_response(request)
  File "/home/anishchengre/Django/blog-application/venv/lib/python3.13/site-packages/django/utils/deprecation.py", line 119, in __call__
    response = self.process_request(request)
  File "/home/anishchengre/Django/blog-application/venv/lib/python3.13/site-packages/django/middleware/security.py", line 28, in process_request
    host = self.redirect_host or request.get_host()
                                 ~~~~~~~~~~~~~~~~^^
  File "/home/anishchengre/Django/blog-application/venv/lib/python3.13/site-packages/django/http/request.py", line 202, in get_host
    raise DisallowedHost(msg)
django.core.exceptions.DisallowedHost: Invalid HTTP_HOST header: 'localhost:8000'. You may need to add 'localhost' to ALLOWED_HOSTS.
2025-08-24 16:25:59,901 WARNING "OPTIONS /api/auth/login/ HTTP/1.1" 400 74729 213 
2025-08-24 16:26:00,356 ERROR Invalid HTTP_HOST header: 'localhost:8000'. You may need to add 'localhost' to ALLOWED_HOSTS. 253 
Traceback (most recent call last):
  File "/home/anishchengre/Django/blog-application/venv/lib/python3.13/site-packages/django/core/handlers/exception.py", line 55, in inner
    response = get_response(request)
  File "/home/anishchengre/Django/blog-application/venv/lib/python3.13/site-packages/django/utils/deprecation.py", line 119, in __call__
    response = self.process_request(request)
  File "/home/anishchengre/Django/blog-application/venv/lib/python3.13/site-packages/django/middleware/security.py", line 28, in process_request
    host = self.redirect_host or request.get_host()
                                 ~~~~~~~~~~~~~~~~^^
  File "/home/anishchengre/Django/blog-application/venv/lib/python3.13/site-packages/django/http/request.py", line 202, in get_host
    raise DisallowedHost(msg)
django.core.exceptions.DisallowedHost: Invalid HTTP_HOST header: 'localhost:8000'. You may need to add 'localhost' to ALLOWED_HOSTS.
2025-08-24 16:26:00,357 WARNING "OPTIONS /api/auth/login/ HTTP/1.1" 400 74729 213 
2025-08-24 16:26:03,069 INFO Watching for file changes with StatReloader 667 
2025-08-24 16:26:04,561 INFO "OPTIONS /api/auth/login/ HTTP/1.1" 301 0 213 
2025-08-24 16:27:19,901 INFO "OPTIONS /api/auth/login/ HTTP/1.1" 301 0 213 
2025-08-24 16:27:22,900 INFO "OPTIONS /api/auth/login/ HTTP/1.1" 301 0 213 
2025-08-24 16:30:08,370 INFO "OPTIONS /api/auth/login/ HTTP/1.1" 301 0 213 
2025-08-24 16:30:13,319 INFO "OPTIONS /api/auth/login/ HTTP/1.1" 301 0 213 
2025-08-24 16:30:21,799 INFO Watching for file changes with StatReloader 667 
2025-08-24 16:30:32,495 INFO "OPTIONS /api/auth/login/ HTTP/1.1" 200 0 213 
2025-08-24 16:30:32,936 INFO "POST /api/auth/login/ HTTP/1.1" 200 239 213 
2025-08-24 16:30:33,008 INFO "OPTIONS /api/posts/my-posts/ HTTP/1.1" 200 0 213 
2025-08-24 16:30:33,069 INFO "GET /api/posts/my-posts/ HTTP/1.1" 200 356 213 
2025-08-24 16:30:38,767 INFO "OPTIONS /api/posts/6/delete/ HTTP/1.1" 200 0 213 
2025-08-24 16:30:38,797 INFO "DELETE /api/posts/6/delete/ HTTP/1.1" 200 292 213 
2025-08-24 16:30:43,775 INFO "GET /api/posts/my-posts/ HTTP/1.1" 200 122 213 
2025-08-24 16:38:19,511 INFO "GET /api/posts/my-posts/ HTTP/1.1" 200 122 213 
2025-08-24 16:38:27,080 INFO "OPTIONS /api/posts/create/ HTTP/1.1" 200 0 213 
2025-08-24 16:38:27,119 WARNING Bad Request: /api/posts/create/ 253 
2025-08-24 16:38:27,120 WARNING "POST /api/posts/create/ HTTP/1.1" 400 70 213 
2025-08-24 16:38:29,866 INFO "POST /api/posts/create/ HTTP/1.1" 201 236 213 
2025-08-24 16:38:29,913 INFO "GET /api/posts/my-posts/ HTTP/1.1" 200 348 213 
2025-08-24 16:38:38,211 INFO "GET /api/posts/my-posts/ HTTP/1.1" 200 348 213 
